Performing C SOURCE FILE Test HAVE_inline failed with the following output:
Change Dir: /Users/FrankLin/Downloads/libwebsocket_cocos2dx/libwebsockets/build/CMakeFiles/CMakeTmp

Run Build Command:"/usr/local/Cellar/cmake/3.0.0/bin/cmakexbuild" "-project" "CMAKE_TRY_COMPILE.xcodeproj" "build" "-target" "cmTryCompileExec1752348273" "-configuration" "Debug"
2015-12-15 20:25:56.901 xcodebuild[2498:135830] [MT] PluginLoading: Required plug-in compatibility UUID F41BD31E-2683-44B8-AE7F-5F09E919790E for plug-in at path '~/Library/Application Support/Developer/Shared/Xcode/Plug-ins/XToDo.xcplugin' not present in DVTPlugInCompatibilityUUIDs
2015-12-15 20:25:56.903 xcodebuild[2498:135830] [MT] PluginLoading: Required plug-in compatibility UUID F41BD31E-2683-44B8-AE7F-5F09E919790E for plug-in at path '~/Library/Application Support/Developer/Shared/Xcode/Plug-ins/XAlign.xcplugin' not present in DVTPlugInCompatibilityUUIDs
2015-12-15 20:25:56.904 xcodebuild[2498:135830] [MT] PluginLoading: Required plug-in compatibility UUID F41BD31E-2683-44B8-AE7F-5F09E919790E for plug-in at path '~/Library/Application Support/Developer/Shared/Xcode/Plug-ins/UncrustifyPlugin.xcplugin' not present in DVTPlugInCompatibilityUUIDs
2015-12-15 20:25:56.904 xcodebuild[2498:135830] [MT] PluginLoading: Required plug-in compatibility UUID F41BD31E-2683-44B8-AE7F-5F09E919790E for plug-in at path '~/Library/Application Support/Developer/Shared/Xcode/Plug-ins/SCXcodeSwitchExpander.xcplugin' not present in DVTPlugInCompatibilityUUIDs
2015-12-15 20:25:56.904 xcodebuild[2498:135830] [MT] PluginLoading: Required plug-in compatibility UUID F41BD31E-2683-44B8-AE7F-5F09E919790E for plug-in at path '~/Library/Application Support/Developer/Shared/Xcode/Plug-ins/OMQuickHelp.xcplugin' not present in DVTPlugInCompatibilityUUIDs
2015-12-15 20:25:56.905 xcodebuild[2498:135830] [MT] PluginLoading: Required plug-in compatibility UUID F41BD31E-2683-44B8-AE7F-5F09E919790E for plug-in at path '~/Library/Application Support/Developer/Shared/Xcode/Plug-ins/Lin.xcplugin' not present in DVTPlugInCompatibilityUUIDs
2015-12-15 20:25:56.905 xcodebuild[2498:135830] [MT] PluginLoading: Required plug-in compatibility UUID F41BD31E-2683-44B8-AE7F-5F09E919790E for plug-in at path '~/Library/Application Support/Developer/Shared/Xcode/Plug-ins/KSImageNamed.xcplugin' not present in DVTPlugInCompatibilityUUIDs
2015-12-15 20:25:56.906 xcodebuild[2498:135830] [MT] PluginLoading: Required plug-in compatibility UUID F41BD31E-2683-44B8-AE7F-5F09E919790E for plug-in at path '~/Library/Application Support/Developer/Shared/Xcode/Plug-ins/CodePilot3.xcplugin' not present in DVTPlugInCompatibilityUUIDs
2015-12-15 20:25:56.906 xcodebuild[2498:135830] Failed to load plugin at: /Users/FrankLin/Library/Application Support/Developer/Shared/Xcode/Plug-ins/CodePilot3.xcplugin, skipping.  Reason for failure: *** -[__NSPlaceholderDictionary initWithObjects:forKeys:count:]: attempt to insert nil object from objects[0]
2015-12-15 20:25:56.907 xcodebuild[2498:135830] [MT] PluginLoading: Required plug-in compatibility UUID F41BD31E-2683-44B8-AE7F-5F09E919790E for plug-in at path '~/Library/Application Support/Developer/Shared/Xcode/Plug-ins/CocoaPods.xcplugin' not present in DVTPlugInCompatibilityUUIDs
2015-12-15 20:25:56.907 xcodebuild[2498:135830] [MT] PluginLoading: Required plug-in compatibility UUID F41BD31E-2683-44B8-AE7F-5F09E919790E for plug-in at path '~/Library/Application Support/Developer/Shared/Xcode/Plug-ins/ClangFormat.xcplugin' not present in DVTPlugInCompatibilityUUIDs
2015-12-15 20:25:56.908 xcodebuild[2498:135830] [MT] PluginLoading: Required plug-in compatibility UUID F41BD31E-2683-44B8-AE7F-5F09E919790E for plug-in at path '~/Library/Application Support/Developer/Shared/Xcode/Plug-ins/BBUDebuggerTuckAway.xcplugin' not present in DVTPlugInCompatibilityUUIDs
2015-12-15 20:25:57.120 xcodebuild[2498:135830] warning:  The file reference for "CMakeLists.txt" is a member of multiple groups ("ALL_BUILD" and "cmTryCompileExec1752348273"); this indicates a malformed project.  Only the membership in one of the groups will be preserved (but membership in targets will be unaffected).  If you want a reference to the same file in more than one group, please add another reference to the same path.
=== BUILD TARGET cmTryCompileExec1752348273 OF PROJECT CMAKE_TRY_COMPILE WITH CONFIGURATION Debug ===

Check dependencies

Write auxiliary files
/bin/mkdir -p /Users/FrankLin/Downloads/libwebsocket_cocos2dx/libwebsockets/build/CMakeFiles/CMakeTmp/CMAKE_TRY_COMPILE.build/Debug/cmTryCompileExec1752348273.build/Objects-normal/x86_64
write-file /Users/FrankLin/Downloads/libwebsocket_cocos2dx/libwebsockets/build/CMakeFiles/CMakeTmp/CMAKE_TRY_COMPILE.build/Debug/cmTryCompileExec1752348273.build/Objects-normal/x86_64/cmTryCompileExec1752348273.LinkFileList

CompileC CMAKE_TRY_COMPILE.build/Debug/cmTryCompileExec1752348273.build/Objects-normal/x86_64/src.o src.c normal x86_64 c com.apple.compilers.llvm.clang.1_0.compiler
    cd /Users/FrankLin/Downloads/libwebsocket_cocos2dx/libwebsockets/build/CMakeFiles/CMakeTmp
    export LANG=en_US.US-ASCII
    /Applications/Xcode.app/Contents/Developer/Toolchains/XcodeDefault.xctoolchain/usr/bin/clang -x c -arch x86_64 -fmessage-length=0 -fdiagnostics-show-note-include-stack -fm** BUILD FAILED *acro-backtrace-limit=0 -Wno-trigraphs -fpascal-strings -O0 -Wno-missing-field-initializers -Wno-missing-prototypes -Wno-return-type -Wno-missing-braces -Wparentheses -Wswitch -Wno-unused-function -Wno-unused-label -Wno-unused-parameter -Wno-unused-variable -Wunused-value -Wno-empty-body -Wno-uninitialized -Wno-unknown-pragmas -Wno-shadow -Wno-four-char-constants -Wno-conversion -Wno-constant-conversion -Wno-int-conversion -Wno-bool-conversion -Wno-enum-conversion -Wno-shorten-64-to-32 -Wpointer-sign -Wno-newline-eof -DCMAKE_INTDIR=\"Debug\" -DKEYWORD=inline -isysroot /Applications/Xcode.app/Contents/Developer/Platforms/MacOSX.platform/Developer/SDKs/MacOSX10.11.sdk -fasm-blocks -fstrict-aliasing -Wdeprecated-declarations -mmacosx-version-min=10.11 -g -Wno-sign-conversion -I/Users/FrankLin/Downloads/libwebsocket_cocos2dx/libwebsockets/build/CMakeFiles/CMakeTmp/Debug/include -I/Users/FrankLin/Downloads/libwebsocket_cocos2dx/libwebsockets/build/CMakeFiles/CMakeTmp/CMAKE_TRY_COMPILE.build/Debug/cmTryCompileExec17*


The foll52348273.build/DerivedSources/x86_64 -I/Users/FrankLin/Downloads/libwebsocket_cocos2dx/libwebsockets/build/CMakeFiles/CMakeTmp/CMAKE_TRY_COMPILE.build/Debug/cmTryCompileExec1752348273.build/DerivedSources -Wmost -Wno-four-char-constants -Wno-unknown-pragmas -F/Users/FrankLin/Downloads/libwebsocket_cocos2dx/libwebsockets/build/CMakeFiles/CMakeTmp/Debug -DHAVE_inline -MMD -MT dependencies -MF /Users/FrankLin/Downloads/libwebsocket_cocos2dx/libwebsockets/build/CMakeFiles/CMakeTmp/CMAKE_TRY_COMPILE.build/Debug/cmTryCompileExec1752348273.build/Objects-normal/x86_64/src.d --serialize-diagnostics /Users/FrankLin/Downloads/libwebsocket_cocos2dx/libwebsockets/build/CMakeFiles/CMakeTmp/CMAKE_TRY_COMPILE.build/Debug/cmTryCompileExec1752348273.build/Objects-normal/x86_64/src.dia -c /Users/FrankLin/Downloads/libwebsocket_cocos2dx/libwebsockets/build/CMakeFiles/CMakeTmp/src.c -o /Users/FrankLin/Downloads/libwebsocket_cocos2dx/libwebsockets/build/CMakeFiles/CMakeTmp/CMAKE_TRY_COMPILE.build/Debug/cmTryCompileExec1752348273.build/Objects-normal/x86_64/src.o

Ld Debug/cmTryCompileExec1752348273 normal x86_64
    cd /Users/FrankLin/Downloads/libwebsocket_cocos2dx/libwebsockets/build/CMakeFiles/CMakeTmp
    export MACOSX_DEPLOYMENT_TARGET=10.11
    /Applications/Xcode.app/Contents/Developer/Toolchains/XcodeDefault.xctoolchain/usr/bin/clang -arch x86_64 -isysroot /Applications/Xcode.app/Contents/Developer/Platforms/MacOSX.platform/Developer/SDKs/MacOSX10.11.sdk -L/Users/FrankLin/Downloads/libwebsocket_cocos2dx/libwebsockets/build/CMakeFiles/CMakeTmp/Debug -F/Users/FrankLin/Downloads/libwebsocket_cocos2dx/libwebsockets/build/CMakeFiles/CMakeTmp/Debug -filelist /Users/FrankLin/Downloads/libwebsocket_cocos2dx/libwebsockets/build/CMakeFiles/CMakeTmp/CMAKE_TRY_COMPILE.build/Debug/cmTryCompileExec1752348273.build/Objects-normal/x86_64/cmTryCompileExec1752348273.LinkFileList -mmacosx-version-min=10.11 -Wl,-search_paths_first -Wl,-headerpad_max_install_names -Xlinker -dependency_info -Xlinker /Users/FrankLin/Downloads/libwebsocket_cocos2dx/lowing build commands faileibwebsockets/build/CMakeFiles/CMakeTmp/CMAKE_TRY_COMPILE.build/Debug/cmTryCompileExec1752348273.build/Objects-normal/x86_64/cmTryCompileExec1752348273_dependency_info.dat -o /Users/FrankLin/Downloads/libwebsocket_cocos2dx/libwebsockets/build/CMakeFiles/CMakeTmp/Debug/cmTryCompileExec1752348273
Undefined symbols for architecture x86_64:
  "_a", referenced from:
      _main in src.o
ld: symbol(s) not found for architecture x86_64
clang: error: linker command failed with exit code 1 (use -v to see invocation)

d:
	Ld Debug/cmTryCompileExec1752348273 normal x86_64
(1 failure)

Source file was:

		#include <stdio.h>
		KEYWORD void a() {}
		int main(int argc, char **argv) { a(); return 0; }
		
Performing C SOURCE FILE Test HAVE___inline__ failed with the following output:
Change Dir: /Users/FrankLin/Downloads/libwebsocket_cocos2dx/libwebsockets/build/CMakeFiles/CMakeTmp

Run Build Command:"/usr/local/Cellar/cmake/3.0.0/bin/cmakexbuild" "-project" "CMAKE_TRY_COMPILE.xcodeproj" "build" "-target" "cmTryCompileExec3858697837" "-configuration" "Debug"
2015-12-15 20:25:57.703 xcodebuild[2515:135881] [MT] PluginLoading: Required plug-in compatibility UUID F41BD31E-2683-44B8-AE7F-5F09E919790E for plug-in at path '~/Library/Application Support/Developer/Shared/Xcode/Plug-ins/XToDo.xcplugin' not present in DVTPlugInCompatibilityUUIDs
2015-12-15 20:25:57.704 xcodebuild[2515:135881] [MT] PluginLoading: Required plug-in compatibility UUID F41BD31E-2683-44B8-AE7F-5F09E919790E for plug-in at path '~/Library/Application Support/Developer/Shared/Xcode/Plug-ins/XAlign.xcplugin' not present in DVTPlugInCompatibilityUUIDs
2015-12-15 20:25:57.705 xcodebuild[2515:135881] [MT] PluginLoading: Required plug-in compatibility UUID F41BD31E-2683-44B8-AE7F-5F09E919790E for plug-in at path '~/Library/Application Support/Developer/Shared/Xcode/Plug-ins/UncrustifyPlugin.xcplugin' not present in DVTPlugInCompatibilityUUIDs
2015-12-15 20:25:57.705 xcodebuild[2515:135881] [MT] PluginLoading: Required plug-in compatibility UUID F41BD31E-2683-44B8-AE7F-5F09E919790E for plug-in at path '~/Library/Application Support/Developer/Shared/Xcode/Plug-ins/SCXcodeSwitchExpander.xcplugin' not present in DVTPlugInCompatibilityUUIDs
2015-12-15 20:25:57.706 xcodebuild[2515:135881] [MT] PluginLoading: Required plug-in compatibility UUID F41BD31E-2683-44B8-AE7F-5F09E919790E for plug-in at path '~/Library/Application Support/Developer/Shared/Xcode/Plug-ins/OMQuickHelp.xcplugin' not present in DVTPlugInCompatibilityUUIDs
2015-12-15 20:25:57.706 xcodebuild[2515:135881] [MT] PluginLoading: Required plug-in compatibility UUID F41BD31E-2683-44B8-AE7F-5F09E919790E for plug-in at path '~/Library/Application Support/Developer/Shared/Xcode/Plug-ins/Lin.xcplugin' not present in DVTPlugInCompatibilityUUIDs
2015-12-15 20:25:57.707 xcodebuild[2515:135881] [MT] PluginLoading: Required plug-in compatibility UUID F41BD31E-2683-44B8-AE7F-5F09E919790E for plug-in at path '~/Library/Application Support/Developer/Shared/Xcode/Plug-ins/KSImageNamed.xcplugin' not present in DVTPlugInCompatibilityUUIDs
2015-12-15 20:25:57.707 xcodebuild[2515:135881] [MT] PluginLoading: Required plug-in compatibility UUID F41BD31E-2683-44B8-AE7F-5F09E919790E for plug-in at path '~/Library/Application Support/Developer/Shared/Xcode/Plug-ins/CodePilot3.xcplugin' not present in DVTPlugInCompatibilityUUIDs
2015-12-15 20:25:57.708 xcodebuild[2515:135881] Failed to load plugin at: /Users/FrankLin/Library/Application Support/Developer/Shared/Xcode/Plug-ins/CodePilot3.xcplugin, skipping.  Reason for failure: *** -[__NSPlaceholderDictionary initWithObjects:forKeys:count:]: attempt to insert nil object from objects[0]
2015-12-15 20:25:57.708 xcodebuild[2515:135881] [MT] PluginLoading: Required plug-in compatibility UUID F41BD31E-2683-44B8-AE7F-5F09E919790E for plug-in at path '~/Library/Application Support/Developer/Shared/Xcode/Plug-ins/CocoaPods.xcplugin' not present in DVTPlugInCompatibilityUUIDs
2015-12-15 20:25:57.709 xcodebuild[2515:135881] [MT] PluginLoading: Required plug-in compatibility UUID F41BD31E-2683-44B8-AE7F-5F09E919790E for plug-in at path '~/Library/Application Support/Developer/Shared/Xcode/Plug-ins/ClangFormat.xcplugin' not present in DVTPlugInCompatibilityUUIDs
2015-12-15 20:25:57.709 xcodebuild[2515:135881] [MT] PluginLoading: Required plug-in compatibility UUID F41BD31E-2683-44B8-AE7F-5F09E919790E for plug-in at path '~/Library/Application Support/Developer/Shared/Xcode/Plug-ins/BBUDebuggerTuckAway.xcplugin' not present in DVTPlugInCompatibilityUUIDs
2015-12-15 20:25:57.928 xcodebuild[2515:135881] warning:  The file reference for "CMakeLists.txt" is a member of multiple groups ("ALL_BUILD" and "cmTryCompileExec3858697837"); this indicates a malformed project.  Only the membership in one of the groups will be preserved (but membership in targets will be unaffected).  If you want a reference to the same file in more than one group, please add another reference to the same path.
=== BUILD TARGET cmTryCompileExec3858697837 OF PROJECT CMAKE_TRY_COMPILE WITH CONFIGURATION Debug ===

Check dependencies

Write auxiliary files
/bin/mkdir -p /Users/FrankLin/Downloads/libwebsocket_cocos2dx/libwebsockets/build/CMakeFiles/CMakeTmp/CMAKE_TRY_COMPILE.build/Debug/cmTryCompileExec3858697837.build/Objects-normal/x86_64
write-file /Users/FrankLin/Downloads/libwebsocket_cocos2dx/libwebsockets/build/CMakeFiles/CMakeTmp/CMAKE_TRY_COMPILE.build/Debug/cmTryCompileExec3858697837.build/Objects-normal/x86_64/cmTryCompileExec3858697837.LinkFileList

CompileC CMAKE_TRY_COMPILE.build/Debug/cmTryCompileExec3858697837.build/Objects-normal/x86_64/src.o src.c normal x86_64 c com.apple.compilers.llvm.clang.1_0.compiler
    cd /Users/FrankLin/Downloads/libwebsocket_cocos2dx/libwebsockets/build/CMakeFiles/CMakeTmp
    export LANG=en_US.US-ASCII
    /Applications/Xcode.app/Contents/Developer/Toolchains/XcodeDefault.xctoolchain/usr/bin/clang -x c -arch x86_64 -fmessage-length=0 -fdiagnostics-show-note-include-stack -fm** BUILD FAILED *acro-backtrace-limit=0 -Wno-trigraphs -fpascal-strings -O0 -Wno-missing-field-initializers -Wno-missing-prototypes -Wno-return-type -Wno-missing-braces -Wparentheses -Wswitch -Wno-unused-function -Wno-unused-label -Wno-unused-parameter -Wno-unused-variable -Wunused-value -Wno-empty-body -Wno-uninitialized -Wno-unknown-pragmas -Wno-shadow -Wno-four-char-constants -Wno-conversion -Wno-constant-conversion -Wno-int-conversion -Wno-bool-conversion -Wno-enum-conversion -Wno-shorten-64-to-32 -Wpointer-sign -Wno-newline-eof -DCMAKE_INTDIR=\"Debug\" -DKEYWORD=__inline__ -isysroot /Applications/Xcode.app/Contents/Developer/Platforms/MacOSX.platform/Developer/SDKs/MacOSX10.11.sdk -fasm-blocks -fstrict-aliasing -Wdeprecated-declarations -mmacosx-version-min=10.11 -g -Wno-sign-conversion -I/Users/FrankLin/Downloads/libwebsocket_cocos2dx/libwebsockets/build/CMakeFiles/CMakeTmp/Debug/include -I/Users/FrankLin/Downloads/libwebsocket_cocos2dx/libwebsockets/build/CMakeFiles/CMakeTmp/CMAKE_TRY_COMPILE.build/Debug/cmTryCompileEx*


The followinec3858697837.build/DerivedSources/x86_64 -I/Users/FrankLin/Downloads/libwebsocket_cocos2dx/libwebsockets/build/CMakeFiles/CMakeTmp/CMAKE_TRY_COMPILE.build/Debug/cmTryCompileExec3858697837.build/DerivedSources -Wmost -Wno-four-char-constants -Wno-unknown-pragmas -F/Users/FrankLin/Downloads/libwebsocket_cocos2dx/libwebsockets/build/CMakeFiles/CMakeTmp/Debug -DHAVE___inline__ -MMD -MT dependencies -MF /Users/FrankLin/Downloads/libwebsocket_cocos2dx/libwebsockets/build/CMakeFiles/CMakeTmp/CMAKE_TRY_COMPILE.build/Debug/cmTryCompileExec3858697837.build/Objects-normal/x86_64/src.d --serialize-diagnostics /Users/FrankLin/Downloads/libwebsocket_cocos2dx/libwebsockets/build/CMakeFiles/CMakeTmp/CMAKE_TRY_COMPILE.build/Debug/cmTryCompileExec3858697837.build/Objects-normal/x86_64/src.dia -c /Users/FrankLin/Downloads/libwebsocket_cocos2dx/libwebsockets/build/CMakeFiles/CMakeTmp/src.c -o /Users/FrankLin/Downloads/libwebsocket_cocos2dx/libwebsockets/build/CMakeFiles/CMakeTmp/CMAKE_TRY_COMPILE.build/Debug/cmTryCompileExec3858g build 697837.build/Objects-normal/x86_64/src.o

Ld Debug/cmTryCompileExec3858697837 normal x86_64
    cd /Users/FrankLin/Downloads/libwebsocket_cocos2dx/libwebsockets/build/CMakeFiles/CMakeTmp
    export MACOSX_DEPLOYMENT_TARGET=10.11
    /Applications/Xcode.app/Contents/Developer/Toolchains/XcodeDefault.xctoolchain/usr/bin/clang -arch x86_64 -isysroot /Applications/Xcode.app/Contents/Developer/Platforms/MacOSX.platform/Developer/SDKs/MacOSX10.11.sdk -L/Users/FrankLin/Downloads/libwebsocket_cocos2dx/libwebsockets/build/CMakeFiles/CMakeTmp/Debug -F/Users/FrankLin/Downloads/libwebsocket_cocos2dx/libwebsockets/build/CMakeFiles/CMakeTmp/Debug -filelist /Users/FrankLin/Downloads/libwebsocket_cocos2dx/libwebsockets/build/CMakeFiles/CMakeTmp/CMAKE_TRY_COMPILE.build/Debug/cmTryCompileExec3858697837.build/Objects-normal/x86_64/cmTryCompileExec3858697837.LinkFileList -mmacosx-version-min=10.11 -Wl,-search_paths_first -Wl,-headerpad_max_install_names -Xlinker -dependency_info -Xlinker /Users/FrankLin/Downloads/libwebsocket_cocommands failed:cos2dx/libwebsockets/build/CMakeFiles/CMakeTmp/CMAKE_TRY_COMPILE.build/Debug/cmTryCompileExec3858697837.build/Objects-normal/x86_64/cmTryCompileExec3858697837_dependency_info.dat -o /Users/FrankLin/Downloads/libwebsocket_cocos2dx/libwebsockets/build/CMakeFiles/CMakeTmp/Debug/cmTryCompileExec3858697837
Undefined symbols for architecture x86_64:
  "_a", referenced from:
      _main in src.o
ld: symbol(s) not found for architecture x86_64
clang: error: linker command failed with exit code 1 (use -v to see invocation)


	Ld Debug/cmTryCompileExec3858697837 normal x86_64
(1 failure)

Source file was:

		#include <stdio.h>
		KEYWORD void a() {}
		int main(int argc, char **argv) { a(); return 0; }
		
Performing C SOURCE FILE Test HAVE___inline failed with the following output:
Change Dir: /Users/FrankLin/Downloads/libwebsocket_cocos2dx/libwebsockets/build/CMakeFiles/CMakeTmp

Run Build Command:"/usr/local/Cellar/cmake/3.0.0/bin/cmakexbuild" "-project" "CMAKE_TRY_COMPILE.xcodeproj" "build" "-target" "cmTryCompileExec3682723806" "-configuration" "Debug"
2015-12-15 20:25:58.474 xcodebuild[2532:135929] [MT] PluginLoading: Required plug-in compatibility UUID F41BD31E-2683-44B8-AE7F-5F09E919790E for plug-in at path '~/Library/Application Support/Developer/Shared/Xcode/Plug-ins/XToDo.xcplugin' not present in DVTPlugInCompatibilityUUIDs
2015-12-15 20:25:58.475 xcodebuild[2532:135929] [MT] PluginLoading: Required plug-in compatibility UUID F41BD31E-2683-44B8-AE7F-5F09E919790E for plug-in at path '~/Library/Application Support/Developer/Shared/Xcode/Plug-ins/XAlign.xcplugin' not present in DVTPlugInCompatibilityUUIDs
2015-12-15 20:25:58.476 xcodebuild[2532:135929] [MT] PluginLoading: Required plug-in compatibility UUID F41BD31E-2683-44B8-AE7F-5F09E919790E for plug-in at path '~/Library/Application Support/Developer/Shared/Xcode/Plug-ins/UncrustifyPlugin.xcplugin' not present in DVTPlugInCompatibilityUUIDs
2015-12-15 20:25:58.476 xcodebuild[2532:135929] [MT] PluginLoading: Required plug-in compatibility UUID F41BD31E-2683-44B8-AE7F-5F09E919790E for plug-in at path '~/Library/Application Support/Developer/Shared/Xcode/Plug-ins/SCXcodeSwitchExpander.xcplugin' not present in DVTPlugInCompatibilityUUIDs
2015-12-15 20:25:58.477 xcodebuild[2532:135929] [MT] PluginLoading: Required plug-in compatibility UUID F41BD31E-2683-44B8-AE7F-5F09E919790E for plug-in at path '~/Library/Application Support/Developer/Shared/Xcode/Plug-ins/OMQuickHelp.xcplugin' not present in DVTPlugInCompatibilityUUIDs
2015-12-15 20:25:58.477 xcodebuild[2532:135929] [MT] PluginLoading: Required plug-in compatibility UUID F41BD31E-2683-44B8-AE7F-5F09E919790E for plug-in at path '~/Library/Application Support/Developer/Shared/Xcode/Plug-ins/Lin.xcplugin' not present in DVTPlugInCompatibilityUUIDs
2015-12-15 20:25:58.478 xcodebuild[2532:135929] [MT] PluginLoading: Required plug-in compatibility UUID F41BD31E-2683-44B8-AE7F-5F09E919790E for plug-in at path '~/Library/Application Support/Developer/Shared/Xcode/Plug-ins/KSImageNamed.xcplugin' not present in DVTPlugInCompatibilityUUIDs
2015-12-15 20:25:58.478 xcodebuild[2532:135929] [MT] PluginLoading: Required plug-in compatibility UUID F41BD31E-2683-44B8-AE7F-5F09E919790E for plug-in at path '~/Library/Application Support/Developer/Shared/Xcode/Plug-ins/CodePilot3.xcplugin' not present in DVTPlugInCompatibilityUUIDs
2015-12-15 20:25:58.479 xcodebuild[2532:135929] Failed to load plugin at: /Users/FrankLin/Library/Application Support/Developer/Shared/Xcode/Plug-ins/CodePilot3.xcplugin, skipping.  Reason for failure: *** -[__NSPlaceholderDictionary initWithObjects:forKeys:count:]: attempt to insert nil object from objects[0]
2015-12-15 20:25:58.479 xcodebuild[2532:135929] [MT] PluginLoading: Required plug-in compatibility UUID F41BD31E-2683-44B8-AE7F-5F09E919790E for plug-in at path '~/Library/Application Support/Developer/Shared/Xcode/Plug-ins/CocoaPods.xcplugin' not present in DVTPlugInCompatibilityUUIDs
2015-12-15 20:25:58.480 xcodebuild[2532:135929] [MT] PluginLoading: Required plug-in compatibility UUID F41BD31E-2683-44B8-AE7F-5F09E919790E for plug-in at path '~/Library/Application Support/Developer/Shared/Xcode/Plug-ins/ClangFormat.xcplugin' not present in DVTPlugInCompatibilityUUIDs
2015-12-15 20:25:58.480 xcodebuild[2532:135929] [MT] PluginLoading: Required plug-in compatibility UUID F41BD31E-2683-44B8-AE7F-5F09E919790E for plug-in at path '~/Library/Application Support/Developer/Shared/Xcode/Plug-ins/BBUDebuggerTuckAway.xcplugin' not present in DVTPlugInCompatibilityUUIDs
2015-12-15 20:25:58.695 xcodebuild[2532:135929] warning:  The file reference for "CMakeLists.txt" is a member of multiple groups ("ALL_BUILD" and "cmTryCompileExec3682723806"); this indicates a malformed project.  Only the membership in one of the groups will be preserved (but membership in targets will be unaffected).  If you want a reference to the same file in more than one group, please add another reference to the same path.
=== BUILD TARGET cmTryCompileExec3682723806 OF PROJECT CMAKE_TRY_COMPILE WITH CONFIGURATION Debug ===

Check dependencies

Write auxiliary files
/bin/mkdir -p /Users/FrankLin/Downloads/libwebsocket_cocos2dx/libwebsockets/build/CMakeFiles/CMakeTmp/CMAKE_TRY_COMPILE.build/Debug/cmTryCompileExec3682723806.build/Objects-normal/x86_64
write-file /Users/FrankLin/Downloads/libwebsocket_cocos2dx/libwebsockets/build/CMakeFiles/CMakeTmp/CMAKE_TRY_COMPILE.build/Debug/cmTryCompileExec3682723806.build/Objects-normal/x86_64/cmTryCompileExec3682723806.LinkFileList

CompileC CMAKE_TRY_COMPILE.build/Debug/cmTryCompileExec3682723806.build/Objects-normal/x86_64/src.o src.c normal x86_64 c com.apple.compilers.llvm.clang.1_0.compiler
    cd /Users/FrankLin/Downloads/libwebsocket_cocos2dx/libwebsockets/build/CMakeFiles/CMakeTmp
    export LANG=en_US.US-ASCII
    /Applications/Xcode.app/Contents/Developer/Toolchains/XcodeDefault.xctoolchain/usr/bin/clang -x c -arch x86_64 -fmessage-length=0 -fdiagnostics-show-note-include-stack -fm** BUILD FAILED **


Theacro-backtrace-limit=0 -Wno-trigraphs -fpascal-strings -O0 -Wno-missing-field-initializers -Wno-missing-prototypes -Wno-return-type -Wno-missing-braces -Wparentheses -Wswitch -Wno-unused-function -Wno-unused-label -Wno-unused-parameter -Wno-unused-variable -Wunused-value -Wno-empty-body -Wno-uninitialized -Wno-unknown-pragmas -Wno-shadow -Wno-four-char-constants -Wno-conversion -Wno-constant-conversion -Wno-int-conversion -Wno-bool-conversion -Wno-enum-conversion -Wno-shorten-64-to-32 -Wpointer-sign -Wno-newline-eof -DCMAKE_INTDIR=\"Debug\" -DKEYWORD=__inline -isysroot /Applications/Xcode.app/Contents/Developer/Platforms/MacOSX.platform/Developer/SDKs/MacOSX10.11.sdk -fasm-blocks -fstrict-aliasing -Wdeprecated-declarations -mmacosx-version-min=10.11 -g -Wno-sign-conversion -I/Users/FrankLin/Downloads/libwebsocket_cocos2dx/libwebsockets/build/CMakeFiles/CMakeTmp/Debug/include -I/Users/FrankLin/Downloads/libwebsocket_cocos2dx/libwebsockets/build/CMakeFiles/CMakeTmp/CMAKE_TRY_COMPILE.build/Debug/cmTryCompileExec3682723806.build/DerivedSources/x86_64 -I/Users/FrankLin/Downloads/libwebsocket_cocos2dx/libwebsockets/build/CMakeFiles/CMakeTmp/CMAKE_TRY_COMPILE.build/Debug/cmTryCompileExec3682723806.build/DerivedSources -Wmost -Wno-four-char-constants -Wno-unknown-pragmas -F/Users/FrankLin/Downloads/libwebsocket_cocos2dx/libwebsockets/build/CMakeFiles/CMakeTmp/Debug -DHAVE___inline -MMD -MT dependencies -MF /Users/FrankLin/Downloads/libwebsocket_cocos2dx/libwebsockets/build/CMakeFiles/CMakeTmp/CMAKE_TRY_COMPILE.build/Debug/cmTryCompileExec3682723806.build/Objects-normal/x86_64/src.d --serialize-diagnostics /Users/FrankLin/Downloads/libwebsocket_cocos2dx/libwebsockets/build/CMakeFiles/CMakeTmp/CMAKE_TRY_COMPILE.build/Debug/cmTryCompileExec3682723806.build/Objects-normal/x86_64/src.dia -c /Users/FrankLin/Downloads/libwebsocket_cocos2dx/libwebsockets/build/CMakeFiles/CMakeTmp/src.c -o /Users/FrankLin/Downloads/libwebsocket_cocos2dx/libwebsockets/build/CMakeFiles/CMakeTmp/CMAKE_TRY_COMPILE.build/Debug/cmTryCompileExec36827238 follo06.build/Objects-normal/x86_64/src.o

Ld Debug/cmTryCompileExec3682723806 normal x86_64
    cd /Users/FrankLin/Downloads/libwebsocket_cocos2dx/libwebsockets/build/CMakeFiles/CMakeTmp
    export MACOSX_DEPLOYMENT_TARGET=10.11
    /Applications/Xcode.app/Contents/Developer/Toolchains/XcodeDefault.xctoolchain/usr/bin/clang -arch x86_64 -isysroot /Applications/Xcode.app/Contents/Developer/Platforms/MacOSX.platform/Developer/SDKs/MacOSX10.11.sdk -L/Users/FrankLin/Downloads/libwebsocket_cocos2dx/libwebsockets/build/CMakeFiles/CMakeTmp/Debug -F/Users/FrankLin/Downloads/libwebsocket_cocos2dx/libwebsockets/build/CMakeFiles/CMakeTmp/Debug -filelist /Users/FrankLin/Downloads/libwebsocket_cocos2dx/libwebsockets/build/CMakeFiles/CMakeTmp/CMAKE_TRY_COMPILE.build/Debug/cmTryCompileExec3682723806.build/Objects-normal/x86_64/cmTryCompileExec3682723806.LinkFileList -mmacosx-version-min=10.11 -Wl,-search_paths_first -Wl,-headerpad_max_install_names -Xlinker -dependency_info -Xlinker /Users/FrankLin/Downloads/libwebsocket_cocos2dx/libwebsockets/build/CMakeFiles/CMakeTmp/CMAKE_TRY_COMPILE.build/Debug/cmTryCompileExec3682723806.build/Objects-normal/x86_64/cmTryCompileExec3682723806_dependency_info.dat -o /Users/FrankLin/Downloads/libwebsocket_cocos2dx/libwebsockets/build/CMakeFiles/CMakeTmp/Debug/cmTryCompileExec3682723806
Undefined symbols for architecture x86_64:
  "_a", referenced from:
      _main in src.o
ld: symbol(s) not found for architecture x86_64
clang: error: linker command failed with exit code 1 (use -v to see invocation)

wing build commands failed:
	Ld Debug/cmTryCompileExec3682723806 normal x86_64
(1 failure)

Source file was:

		#include <stdio.h>
		KEYWORD void a() {}
		int main(int argc, char **argv) { a(); return 0; }
		
Determining if the include file in6addr.h exists failed with the following output:
Change Dir: /Users/FrankLin/Downloads/libwebsocket_cocos2dx/libwebsockets/build/CMakeFiles/CMakeTmp

Run Build Command:"/usr/local/Cellar/cmake/3.0.0/bin/cmakexbuild" "-project" "CMAKE_TRY_COMPILE.xcodeproj" "build" "-target" "cmTryCompileExec431060191" "-configuration" "Debug"
2015-12-15 20:26:09.111 xcodebuild[2762:137060] [MT] PluginLoading: Required plug-in compatibility UUID F41BD31E-2683-44B8-AE7F-5F09E919790E for plug-in at path '~/Library/Application Support/Developer/Shared/Xcode/Plug-ins/XToDo.xcplugin' not present in DVTPlugInCompatibilityUUIDs
2015-12-15 20:26:09.113 xcodebuild[2762:137060] [MT] PluginLoading: Required plug-in compatibility UUID F41BD31E-2683-44B8-AE7F-5F09E919790E for plug-in at path '~/Library/Application Support/Developer/Shared/Xcode/Plug-ins/XAlign.xcplugin' not present in DVTPlugInCompatibilityUUIDs
2015-12-15 20:26:09.113 xcodebuild[2762:137060] [MT] PluginLoading: Required plug-in compatibility UUID F41BD31E-2683-44B8-AE7F-5F09E919790E for plug-in at path '~/Library/Application Support/Developer/Shared/Xcode/Plug-ins/UncrustifyPlugin.xcplugin' not present in DVTPlugInCompatibilityUUIDs
2015-12-15 20:26:09.114 xcodebuild[2762:137060] [MT] PluginLoading: Required plug-in compatibility UUID F41BD31E-2683-44B8-AE7F-5F09E919790E for plug-in at path '~/Library/Application Support/Developer/Shared/Xcode/Plug-ins/SCXcodeSwitchExpander.xcplugin' not present in DVTPlugInCompatibilityUUIDs
2015-12-15 20:26:09.115 xcodebuild[2762:137060] [MT] PluginLoading: Required plug-in compatibility UUID F41BD31E-2683-44B8-AE7F-5F09E919790E for plug-in at path '~/Library/Application Support/Developer/Shared/Xcode/Plug-ins/OMQuickHelp.xcplugin' not present in DVTPlugInCompatibilityUUIDs
2015-12-15 20:26:09.115 xcodebuild[2762:137060] [MT] PluginLoading: Required plug-in compatibility UUID F41BD31E-2683-44B8-AE7F-5F09E919790E for plug-in at path '~/Library/Application Support/Developer/Shared/Xcode/Plug-ins/Lin.xcplugin' not present in DVTPlugInCompatibilityUUIDs
2015-12-15 20:26:09.116 xcodebuild[2762:137060] [MT] PluginLoading: Required plug-in compatibility UUID F41BD31E-2683-44B8-AE7F-5F09E919790E for plug-in at path '~/Library/Application Support/Developer/Shared/Xcode/Plug-ins/KSImageNamed.xcplugin' not present in DVTPlugInCompatibilityUUIDs
2015-12-15 20:26:09.117 xcodebuild[2762:137060] [MT] PluginLoading: Required plug-in compatibility UUID F41BD31E-2683-44B8-AE7F-5F09E919790E for plug-in at path '~/Library/Application Support/Developer/Shared/Xcode/Plug-ins/CodePilot3.xcplugin' not present in DVTPlugInCompatibilityUUIDs
2015-12-15 20:26:09.117 xcodebuild[2762:137060] Failed to load plugin at: /Users/FrankLin/Library/Application Support/Developer/Shared/Xcode/Plug-ins/CodePilot3.xcplugin, skipping.  Reason for failure: *** -[__NSPlaceholderDictionary initWithObjects:forKeys:count:]: attempt to insert nil object from objects[0]
2015-12-15 20:26:09.118 xcodebuild[2762:137060] [MT] PluginLoading: Required plug-in compatibility UUID F41BD31E-2683-44B8-AE7F-5F09E919790E for plug-in at path '~/Library/Application Support/Developer/Shared/Xcode/Plug-ins/CocoaPods.xcplugin' not present in DVTPlugInCompatibilityUUIDs
2015-12-15 20:26:09.118 xcodebuild[2762:137060] [MT] PluginLoading: Required plug-in compatibility UUID F41BD31E-2683-44B8-AE7F-5F09E919790E for plug-in at path '~/Library/Application Support/Developer/Shared/Xcode/Plug-ins/ClangFormat.xcplugin' not present in DVTPlugInCompatibilityUUIDs
2015-12-15 20:26:09.119 xcodebuild[2762:137060] [MT] PluginLoading: Required plug-in compatibility UUID F41BD31E-2683-44B8-AE7F-5F09E919790E for plug-in at path '~/Library/Application Support/Developer/Shared/Xcode/Plug-ins/BBUDebuggerTuckAway.xcplugin' not present in DVTPlugInCompatibilityUUIDs
2015-12-15 20:26:09.381 xcodebuild[2762:137060] warning:  The file reference for "CMakeLists.txt" is a member of multiple groups ("ALL_BUILD" and "cmTryCompileExec431060191"); this indicates a malformed project.  Only the membership in one of the groups will be preserved (but membership in targets will be unaffected).  If you want a reference to the same file in more than one group, please add another reference to the same path.
=== BUILD TARGET cmTryCompileExec431060191 OF PROJECT CMAKE_TRY_COMPILE WITH CONFIGURATION Debug ===

Check dependencies

Write auxiliary files
/bin/mkdir -p /Users/FrankLin/Downloads/libwebsocket_cocos2dx/libwebsockets/build/CMakeFiles/CMakeTmp/CMAKE_TRY_COMPILE.build/Debug/cmTryCompileExec431060191.build/Objects-normal/x86_64
write-file /Users/FrankLin/Downloads/libwebsocket_cocos2dx/libwebsockets/build/CMakeFiles/CMakeTmp/CMAKE_TRY_COMPILE.build/Debug/cmTryCompileExec431060191.build/Objects-normal/x86_64/cmTryCompileExec431060191.LinkFileList

CompileC CMAKE_TRY_COMPILE.build/Debug/cmTryCompileExec431060191.build/Objects-normal/x86_64/CheckIncludeFile.o CheckIncludeFile.c normal x86_64 c com.apple.compilers.llvm.clang.1_0.compiler
    cd /Users/FrankLin/Downloads/libwebsocket_cocos2dx/libwebsockets/build/CMakeFiles/CMakeTmp
    export LANG=en_US.US-ASCII
    /Applications/Xcode.app/Contents/Developer/Toolchains/XcodeDefault.xctoolchain/usr/bin/clang -x c -arch x86_64 -fmessage-length=0 -fdiagnostics-show-n** BUILD FAILED ote-include-stack -fmacro-backtrace-limit=0 -Wno-trigraphs -fpascal-strings -O0 -Wno-missing-field-initializers -Wno-missing-prototypes -Wno-return-type -Wno-missing-braces -Wparentheses -Wswitch -Wno-unused-function -Wno-unused-label -Wno-unused-parameter -Wno-unused-variable -Wunused-value -Wno-empty-body -Wno-uninitialized -Wno-unknown-pragmas -Wno-shadow -Wno-four-char-constants -Wno-conversion -Wno-constant-conversion -Wno-int-conversion -Wno-bool-conversion -Wno-enum-conversion -Wno-shorten-64-to-32 -Wpointer-sign -Wno-newline-eof -DCMAKE_INTDIR=\"Debug\" -DKEYWORD=__inline -isysroot /Applications/Xcode.app/Contents/Developer/Platforms/MacOSX.platform/Developer/SDKs/MacOSX10.11.sdk -fasm-blocks -fstrict-aliasing -Wdeprecated-declarations -mmacosx-version-min=10.11 -g -Wno-sign-conversion -I/Users/FrankLin/Downloads/libwebsocket_cocos2dx/libwebsockets/build/CMakeFiles/CMakeTmp/Debug/include -I/Users/FrankLin/Downloads/libwebsocket_cocos2dx/libwebsockets/build/CMakeFiles/CMakeTmp/CMAKE_TRY_COMPILE.build/Debug/cmTryCompileExec431060191.build/DerivedSources/x86_64 -I/Users/FrankLin/Downloads/libwebsocket_cocos2dx/libwebsockets/build/CMakeFiles/CMakeTmp/CMAKE_TRY_COMPILE.build/Debug/cmTryCompileExec431060191.build/DerivedSources -Wmost -Wno-four-char-constants -Wno-unknown-pragmas -F/Users/FrankLin/Downloads/libwebsocket_cocos2dx/libwebsockets/build/CMakeFiles/CMakeTmp/Debug -MMD -MT dependencies -MF /Users/FrankLin/Downloads/libwebsocket_cocos2dx/libwebsockets/build/CMakeFiles/CMakeTmp/CMAKE_TRY_COMPILE.build/Debug/cmTryCompileExec431060191.build/Objects-normal/x86_64/CheckIncludeFile.d --serialize-diagnostics /Users/FrankLin/Downloads/libwebsocket_cocos2dx/libwebsockets/build/CMakeFiles/CMakeTmp/CMAKE_TRY_COMPILE.build/Debug/cmTryCompileExec431060191.build/Objects-normal/x86_64/CheckIncludeFile.dia -c /Users/FrankLin/Downloads/libwebsocket_cocos2dx/libwebsockets/build/CMakeFiles/CMakeTmp/CheckIncludeFile.c -o /Users/FrankLin/Downloads/libwebsocket_cocos2dx/libwebsockets/build/CMakeFiles/CMakeTmp/CMAKE_TRY_COMP**


The followinILE.build/Debug/cmTryCompileExec431060191.build/Objects-normal/x86_64/CheckIncludeFile.o
/Users/FrankLin/Downloads/libwebsocket_cocos2dx/libwebsockets/build/CMakeFiles/CMakeTmp/CheckIncludeFile.c:1:10: fatal error: 'in6addr.h' file not found
#include <in6addr.h>
         ^
1 error generated.

g build commands failed:
	CompileC CMAKE_TRY_COMPILE.build/Debug/cmTryCompileExec431060191.build/Objects-normal/x86_64/CheckIncludeFile.o CheckIncludeFile.c normal x86_64 c com.apple.compilers.llvm.clang.1_0.compiler
(1 failure)


Determining if the include file sys/prctl.h exists failed with the following output:
Change Dir: /Users/FrankLin/Downloads/libwebsocket_cocos2dx/libwebsockets/build/CMakeFiles/CMakeTmp

Run Build Command:"/usr/local/Cellar/cmake/3.0.0/bin/cmakexbuild" "-project" "CMAKE_TRY_COMPILE.xcodeproj" "build" "-target" "cmTryCompileExec1828365540" "-configuration" "Debug"
2015-12-15 20:26:16.163 xcodebuild[2898:138526] [MT] PluginLoading: Required plug-in compatibility UUID F41BD31E-2683-44B8-AE7F-5F09E919790E for plug-in at path '~/Library/Application Support/Developer/Shared/Xcode/Plug-ins/XToDo.xcplugin' not present in DVTPlugInCompatibilityUUIDs
2015-12-15 20:26:16.165 xcodebuild[2898:138526] [MT] PluginLoading: Required plug-in compatibility UUID F41BD31E-2683-44B8-AE7F-5F09E919790E for plug-in at path '~/Library/Application Support/Developer/Shared/Xcode/Plug-ins/XAlign.xcplugin' not present in DVTPlugInCompatibilityUUIDs
2015-12-15 20:26:16.165 xcodebuild[2898:138526] [MT] PluginLoading: Required plug-in compatibility UUID F41BD31E-2683-44B8-AE7F-5F09E919790E for plug-in at path '~/Library/Application Support/Developer/Shared/Xcode/Plug-ins/UncrustifyPlugin.xcplugin' not present in DVTPlugInCompatibilityUUIDs
2015-12-15 20:26:16.166 xcodebuild[2898:138526] [MT] PluginLoading: Required plug-in compatibility UUID F41BD31E-2683-44B8-AE7F-5F09E919790E for plug-in at path '~/Library/Application Support/Developer/Shared/Xcode/Plug-ins/SCXcodeSwitchExpander.xcplugin' not present in DVTPlugInCompatibilityUUIDs
2015-12-15 20:26:16.166 xcodebuild[2898:138526] [MT] PluginLoading: Required plug-in compatibility UUID F41BD31E-2683-44B8-AE7F-5F09E919790E for plug-in at path '~/Library/Application Support/Developer/Shared/Xcode/Plug-ins/OMQuickHelp.xcplugin' not present in DVTPlugInCompatibilityUUIDs
2015-12-15 20:26:16.167 xcodebuild[2898:138526] [MT] PluginLoading: Required plug-in compatibility UUID F41BD31E-2683-44B8-AE7F-5F09E919790E for plug-in at path '~/Library/Application Support/Developer/Shared/Xcode/Plug-ins/Lin.xcplugin' not present in DVTPlugInCompatibilityUUIDs
2015-12-15 20:26:16.168 xcodebuild[2898:138526] [MT] PluginLoading: Required plug-in compatibility UUID F41BD31E-2683-44B8-AE7F-5F09E919790E for plug-in at path '~/Library/Application Support/Developer/Shared/Xcode/Plug-ins/KSImageNamed.xcplugin' not present in DVTPlugInCompatibilityUUIDs
2015-12-15 20:26:16.168 xcodebuild[2898:138526] [MT] PluginLoading: Required plug-in compatibility UUID F41BD31E-2683-44B8-AE7F-5F09E919790E for plug-in at path '~/Library/Application Support/Developer/Shared/Xcode/Plug-ins/CodePilot3.xcplugin' not present in DVTPlugInCompatibilityUUIDs
2015-12-15 20:26:16.168 xcodebuild[2898:138526] Failed to load plugin at: /Users/FrankLin/Library/Application Support/Developer/Shared/Xcode/Plug-ins/CodePilot3.xcplugin, skipping.  Reason for failure: *** -[__NSPlaceholderDictionary initWithObjects:forKeys:count:]: attempt to insert nil object from objects[0]
2015-12-15 20:26:16.169 xcodebuild[2898:138526] [MT] PluginLoading: Required plug-in compatibility UUID F41BD31E-2683-44B8-AE7F-5F09E919790E for plug-in at path '~/Library/Application Support/Developer/Shared/Xcode/Plug-ins/CocoaPods.xcplugin' not present in DVTPlugInCompatibilityUUIDs
2015-12-15 20:26:16.169 xcodebuild[2898:138526] [MT] PluginLoading: Required plug-in compatibility UUID F41BD31E-2683-44B8-AE7F-5F09E919790E for plug-in at path '~/Library/Application Support/Developer/Shared/Xcode/Plug-ins/ClangFormat.xcplugin' not present in DVTPlugInCompatibilityUUIDs
2015-12-15 20:26:16.170 xcodebuild[2898:138526] [MT] PluginLoading: Required plug-in compatibility UUID F41BD31E-2683-44B8-AE7F-5F09E919790E for plug-in at path '~/Library/Application Support/Developer/Shared/Xcode/Plug-ins/BBUDebuggerTuckAway.xcplugin' not present in DVTPlugInCompatibilityUUIDs
2015-12-15 20:26:16.411 xcodebuild[2898:138526] warning:  The file reference for "CMakeLists.txt" is a member of multiple groups ("ALL_BUILD" and "cmTryCompileExec1828365540"); this indicates a malformed project.  Only the membership in one of the groups will be preserved (but membership in targets will be unaffected).  If you want a reference to the same file in more than one group, please add another reference to the same path.
=== BUILD TARGET cmTryCompileExec1828365540 OF PROJECT CMAKE_TRY_COMPILE WITH CONFIGURATION Debug ===

Check dependencies

Write auxiliary files
/bin/mkdir -p /Users/FrankLin/Downloads/libwebsocket_cocos2dx/libwebsockets/build/CMakeFiles/CMakeTmp/CMAKE_TRY_COMPILE.build/Debug/cmTryCompileExec1828365540.build/Objects-normal/x86_64
write-file /Users/FrankLin/Downloads/libwebsocket_cocos2dx/libwebsockets/build/CMakeFiles/CMakeTmp/CMAKE_TRY_COMPILE.build/Debug/cmTryCompileExec1828365540.build/Objects-normal/x86_64/cmTryCompileExec1828365540.LinkFileList

CompileC CMAKE_TRY_COMPILE.build/Debug/cmTryCompileExec1828365540.build/Objects-normal/x86_64/CheckIncludeFile.o CheckIncludeFile.c normal x86_64 c com.apple.compilers.llvm.clang.1_0.compiler
    cd /Users/FrankLin/Downloads/libwebsocket_cocos2dx/libwebsockets/build/CMakeFiles/CMakeTmp
    export LANG=en_US.US-ASCII
    /Applications/Xcode.app/Contents/Developer/Toolchains/XcodeDefault.xctoolchain/usr/bin/clang -x c -arch x86_64 -fmessage-length=0 -fdiagnostics-s** BUILD FAILED **


The folhow-note-include-stack -fmacro-backtrace-limit=0 -Wno-trigraphs -fpascal-strings -O0 -Wno-missing-field-initializers -Wno-missing-prototypes -Wno-return-type -Wno-missing-braces -Wparentheses -Wswitch -Wno-unused-function -Wno-unused-label -Wno-unused-parameter -Wno-unused-variable -Wunused-value -Wno-empty-body -Wno-uninitialized -Wno-unknown-pragmas -Wno-shadow -Wno-four-char-constants -Wno-conversion -Wno-constant-conversion -Wno-int-conversion -Wno-bool-conversion -Wno-enum-conversion -Wno-shorten-64-to-32 -Wpointer-sign -Wno-newline-eof -DCMAKE_INTDIR=\"Debug\" -DKEYWORD=__inline -isysroot /Applications/Xcode.app/Contents/Developer/Platforms/MacOSX.platform/Developer/SDKs/MacOSX10.11.sdk -fasm-blocks -fstrict-aliasing -Wdeprecated-declarations -mmacosx-version-min=10.11 -g -Wno-sign-conversion -I/Users/FrankLin/Downloads/libwebsocket_cocos2dx/libwebsockets/build/CMakeFiles/CMakeTmp/Debug/include -I/Users/FrankLin/Downloads/libwebsocket_cocos2dx/libwebsockets/build/CMakeFiles/CMakeTmp/CMAKE_TRY_COMPILE.bulowing bild/Debug/cmTryCompileExec1828365540.build/DerivedSources/x86_64 -I/Users/FrankLin/Downloads/libwebsocket_cocos2dx/libwebsockets/build/CMakeFiles/CMakeTmp/CMAKE_TRY_COMPILE.build/Debug/cmTryCompileExec1828365540.build/DerivedSources -Wmost -Wno-four-char-constants -Wno-unknown-pragmas -F/Users/FrankLin/Downloads/libwebsocket_cocos2dx/libwebsockets/build/CMakeFiles/CMakeTmp/Debug -MMD -MT dependencies -MF /Users/FrankLin/Downloads/libwebsocket_cocos2dx/libwebsockets/build/CMakeFiles/CMakeTmp/CMAKE_TRY_COMPILE.build/Debug/cmTryCompileExec1828365540.build/Objects-normal/x86_64/CheckIncludeFile.d --serialize-diagnostics /Users/FrankLin/Downloads/libwebsocket_cocos2dx/libwebsockets/build/CMakeFiles/CMakeTmp/CMAKE_TRY_COMPILE.build/Debug/cmTryCompileExec1828365540.build/Objects-normal/x86_64/CheckIncludeFile.dia -c /Users/FrankLin/Downloads/libwebsocket_cocos2dx/libwebsockets/build/CMakeFiles/CMakeTmp/CheckIncludeFile.c -o /Users/FrankLin/Downloads/libwebsocket_cocos2dx/libwebsockets/build/CMakeFiles/CMakeTmp/CMAKE_TRY_COMPILE.build/Debug/cmTryCompileExec1828365540.build/Objects-normal/x86_64/CheckIncludeFile.o
/Users/FrankLin/Downloads/libwebsocket_cocos2dx/libwebsockets/build/CMakeFiles/CMakeTmp/CheckIncludeFile.c:1:10: fatal error: 'sys/prctl.h' file not found
#include <sys/prctl.h>
         ^
1 error generated.

uild commands failed:
	CompileC CMAKE_TRY_COMPILE.build/Debug/cmTryCompileExec1828365540.build/Objects-normal/x86_64/CheckIncludeFile.o CheckIncludeFile.c normal x86_64 c com.apple.compilers.llvm.clang.1_0.compiler
(1 failure)


Determining if the include file vfork.h exists failed with the following output:
Change Dir: /Users/FrankLin/Downloads/libwebsocket_cocos2dx/libwebsockets/build/CMakeFiles/CMakeTmp

Run Build Command:"/usr/local/Cellar/cmake/3.0.0/bin/cmakexbuild" "-project" "CMAKE_TRY_COMPILE.xcodeproj" "build" "-target" "cmTryCompileExec3136140173" "-configuration" "Debug"
2015-12-15 20:26:20.634 xcodebuild[2984:139547] [MT] PluginLoading: Required plug-in compatibility UUID F41BD31E-2683-44B8-AE7F-5F09E919790E for plug-in at path '~/Library/Application Support/Developer/Shared/Xcode/Plug-ins/XToDo.xcplugin' not present in DVTPlugInCompatibilityUUIDs
2015-12-15 20:26:20.636 xcodebuild[2984:139547] [MT] PluginLoading: Required plug-in compatibility UUID F41BD31E-2683-44B8-AE7F-5F09E919790E for plug-in at path '~/Library/Application Support/Developer/Shared/Xcode/Plug-ins/XAlign.xcplugin' not present in DVTPlugInCompatibilityUUIDs
2015-12-15 20:26:20.636 xcodebuild[2984:139547] [MT] PluginLoading: Required plug-in compatibility UUID F41BD31E-2683-44B8-AE7F-5F09E919790E for plug-in at path '~/Library/Application Support/Developer/Shared/Xcode/Plug-ins/UncrustifyPlugin.xcplugin' not present in DVTPlugInCompatibilityUUIDs
2015-12-15 20:26:20.637 xcodebuild[2984:139547] [MT] PluginLoading: Required plug-in compatibility UUID F41BD31E-2683-44B8-AE7F-5F09E919790E for plug-in at path '~/Library/Application Support/Developer/Shared/Xcode/Plug-ins/SCXcodeSwitchExpander.xcplugin' not present in DVTPlugInCompatibilityUUIDs
2015-12-15 20:26:20.637 xcodebuild[2984:139547] [MT] PluginLoading: Required plug-in compatibility UUID F41BD31E-2683-44B8-AE7F-5F09E919790E for plug-in at path '~/Library/Application Support/Developer/Shared/Xcode/Plug-ins/OMQuickHelp.xcplugin' not present in DVTPlugInCompatibilityUUIDs
2015-12-15 20:26:20.638 xcodebuild[2984:139547] [MT] PluginLoading: Required plug-in compatibility UUID F41BD31E-2683-44B8-AE7F-5F09E919790E for plug-in at path '~/Library/Application Support/Developer/Shared/Xcode/Plug-ins/Lin.xcplugin' not present in DVTPlugInCompatibilityUUIDs
2015-12-15 20:26:20.639 xcodebuild[2984:139547] [MT] PluginLoading: Required plug-in compatibility UUID F41BD31E-2683-44B8-AE7F-5F09E919790E for plug-in at path '~/Library/Application Support/Developer/Shared/Xcode/Plug-ins/KSImageNamed.xcplugin' not present in DVTPlugInCompatibilityUUIDs
2015-12-15 20:26:20.639 xcodebuild[2984:139547] [MT] PluginLoading: Required plug-in compatibility UUID F41BD31E-2683-44B8-AE7F-5F09E919790E for plug-in at path '~/Library/Application Support/Developer/Shared/Xcode/Plug-ins/CodePilot3.xcplugin' not present in DVTPlugInCompatibilityUUIDs
2015-12-15 20:26:20.639 xcodebuild[2984:139547] Failed to load plugin at: /Users/FrankLin/Library/Application Support/Developer/Shared/Xcode/Plug-ins/CodePilot3.xcplugin, skipping.  Reason for failure: *** -[__NSPlaceholderDictionary initWithObjects:forKeys:count:]: attempt to insert nil object from objects[0]
2015-12-15 20:26:20.640 xcodebuild[2984:139547] [MT] PluginLoading: Required plug-in compatibility UUID F41BD31E-2683-44B8-AE7F-5F09E919790E for plug-in at path '~/Library/Application Support/Developer/Shared/Xcode/Plug-ins/CocoaPods.xcplugin' not present in DVTPlugInCompatibilityUUIDs
2015-12-15 20:26:20.641 xcodebuild[2984:139547] [MT] PluginLoading: Required plug-in compatibility UUID F41BD31E-2683-44B8-AE7F-5F09E919790E for plug-in at path '~/Library/Application Support/Developer/Shared/Xcode/Plug-ins/ClangFormat.xcplugin' not present in DVTPlugInCompatibilityUUIDs
2015-12-15 20:26:20.641 xcodebuild[2984:139547] [MT] PluginLoading: Required plug-in compatibility UUID F41BD31E-2683-44B8-AE7F-5F09E919790E for plug-in at path '~/Library/Application Support/Developer/Shared/Xcode/Plug-ins/BBUDebuggerTuckAway.xcplugin' not present in DVTPlugInCompatibilityUUIDs
2015-12-15 20:26:20.902 xcodebuild[2984:139547] warning:  The file reference for "CMakeLists.txt" is a member of multiple groups ("ALL_BUILD" and "cmTryCompileExec3136140173"); this indicates a malformed project.  Only the membership in one of the groups will be preserved (but membership in targets will be unaffected).  If you want a reference to the same file in more than one group, please add another reference to the same path.
=== BUILD TARGET cmTryCompileExec3136140173 OF PROJECT CMAKE_TRY_COMPILE WITH CONFIGURATION Debug ===

Check dependencies

Write auxiliary files
/bin/mkdir -p /Users/FrankLin/Downloads/libwebsocket_cocos2dx/libwebsockets/build/CMakeFiles/CMakeTmp/CMAKE_TRY_COMPILE.build/Debug/cmTryCompileExec3136140173.build/Objects-normal/x86_64
write-file /Users/FrankLin/Downloads/libwebsocket_cocos2dx/libwebsockets/build/CMakeFiles/CMakeTmp/CMAKE_TRY_COMPILE.build/Debug/cmTryCompileExec3136140173.build/Objects-normal/x86_64/cmTryCompileExec3136140173.LinkFileList

CompileC CMAKE_TRY_COMPILE.build/Debug/cmTryCompileExec3136140173.build/Objects-normal/x86_64/CheckIncludeFile.o CheckIncludeFile.c normal x86_64 c com.apple.compilers.llvm.clang.1_0.compiler
    cd /Users/FrankLin/Downloads/libwebsocket_cocos2dx/libwebsockets/build/CMakeFiles/CMakeTmp
    export LANG=en_US.US-ASCII
    /Applications/Xcode.app/Contents/Developer/Toolchains/XcodeDefault.xctoolchain/usr/bin/clang -x c -arch x86_64 -fmessage-length=0 -fdiagnostics-s** BUILD FAILEhow-note-include-stack -fmacro-backtrace-limit=0 -Wno-trigraphs -fpascal-strings -O0 -Wno-missing-field-initializers -Wno-missing-prototypes -Wno-return-type -Wno-missing-braces -Wparentheses -Wswitch -Wno-unused-function -Wno-unused-label -Wno-unused-parameter -Wno-unused-variable -Wunused-value -Wno-empty-body -Wno-uninitialized -Wno-unknown-pragmas -Wno-shadow -Wno-four-char-constants -Wno-conversion -Wno-constant-conversion -Wno-int-conversion -Wno-bool-conversion -Wno-enum-conversion -Wno-shorten-64-to-32 -Wpointer-sign -Wno-newline-eof -DCMAKE_INTDIR=\"Debug\" -DKEYWORD=__inline -isysroot /Applications/Xcode.app/Contents/Developer/Platforms/MacOSX.platform/Developer/SDKs/MacOSX10.11.sdk -fasm-blocks -fstrict-aliasing -Wdeprecated-declarations -mmacosx-version-min=10.11 -g -Wno-sign-conversion -I/Users/FrankLin/Downloads/libwebsocket_cocos2dx/libwebsockets/build/CMakeFiles/CMakeTmp/Debug/include -I/Users/FrankLin/Downloads/libwebsocket_cocos2dx/libwebsockets/build/CMakeFiles/CMakeTmp/CMAKE_TRY_COMPILE.buD **


The followingild/Debug/cmTryCompileExec3136140173.build/DerivedSources/x86_64 -I/Users/FrankLin/Downloads/libwebsocket_cocos2dx/libwebsockets/build/CMakeFiles/CMakeTmp/CMAKE_TRY_COMPILE.build/Debug/cmTryCompileExec3136140173.build/DerivedSources -Wmost -Wno-four-char-constants -Wno-unknown-pragmas -F/Users/FrankLin/Downloads/libwebsocket_cocos2dx/libwebsockets/build/CMakeFiles/CMakeTmp/Debug -MMD -MT dependencies -MF /Users/FrankLin/Downloads/libwebsocket_cocos2dx/libwebsockets/build/CMakeFiles/CMakeTmp/CMAKE_TRY_COMPILE.build/Debug/cmTryCompileExec3136140173.build/Objects-normal/x86_64/CheckIncludeFile.d --serialize-diagnostics /Users/FrankLin/Downloads/libwebsocket_cocos2dx/libwebsockets/build/CMakeFiles/CMakeTmp/CMAKE_TRY_COMPILE.build/Debug/cmTryCompileExec3136140173.build/Objects-normal/x86_64/CheckIncludeFile.dia -c /Users/FrankLin/Downloads/libwebsocket_cocos2dx/libwebsockets/build/CMakeFiles/CMakeTmp/CheckIncludeFile.c -o /Users/FrankLin/Downloads/libwebsocket_cocos2dx/libwebsockets/build/CMakeFiles/CMakeTmp/CMAKE_TRY_COMPILE.build/Debug/cmTryCompileExec3136140173.build/Objects-normal/x86_64/CheckIncludeFile.o
/Users/FrankLin/Downloads/libwebsocket_cocos2dx/libwebsockets/build/CMakeFiles/CMakeTmp/CheckIncludeFile.c:1:10: fatal error: 'vfork.h' file not found
#include <vfork.h>
         ^
1 error generated.

 build commands failed:
	CompileC CMAKE_TRY_COMPILE.build/Debug/cmTryCompileExec3136140173.build/Objects-normal/x86_64/CheckIncludeFile.o CheckIncludeFile.c normal x86_64 c com.apple.compilers.llvm.clang.1_0.compiler
(1 failure)


